<?xml version="1.0" encoding="UTF-8"?>
<!-- Generated by org.testng.reporters.JUnitXMLReporter -->
<testsuite hostname="IBM608-PC0488LB" ignored="0" name="Default test" tests="5" failures="0" timestamp="01 Feb 2019 07:15:06 GMT" time="544.7" errors="0">
  <testcase name="validLoginTest" time="18.465" classname="com.training.sanity.tests.HandleErrorMsgTests_TC079"/>
  <testcase name="validateErrorMessage" time="71.21" classname="com.training.sanity.tests.HandleErrorMsgTests_TC079"/>
  <testcase name="validateErrorMessage" time="107.215" classname="com.training.sanity.tests.HandleErrorMsgTests_TC079"/>
  <testcase name="validateErrorMessage" time="103.009" classname="com.training.sanity.tests.HandleErrorMsgTests_TC079"/>
  <testcase name="validateErrorMessage" time="87.183" classname="com.training.sanity.tests.HandleErrorMsgTests_TC079"/>
</testsuite> <!-- Default test -->
