<?xml version="1.0" encoding="UTF-8"?>
<!-- Generated by org.testng.reporters.JUnitXMLReporter -->
<testsuite hostname="IBM608-PC0488LB" ignored="0" name="Default test" tests="2" failures="0" timestamp="21 Jan 2019 08:14:54 GMT" time="52.502" errors="0">
  <testcase name="validLoginTest" time="2.972" classname="com.training.sanity.tests.RewaedPointCustomerTests"/>
  <testcase name="validCustomerRewardPoints" time="39.494" classname="com.training.sanity.tests.RewaedPointCustomerTests"/>
</testsuite> <!-- Default test -->
