<?xml version="1.0" encoding="UTF-8"?>
<testng-results skipped="0" failed="0" ignored="0" total="2" passed="2">
  <reporter-output>
  </reporter-output>
  <suite name="Default suite" duration-ms="52502" started-at="2019-01-21T08:14:01Z" finished-at="2019-01-21T08:14:54Z">
    <groups>
    </groups>
    <test name="Default test" duration-ms="52502" started-at="2019-01-21T08:14:01Z" finished-at="2019-01-21T08:14:54Z">
      <class name="com.training.sanity.tests.RewaedPointCustomerTests">
        <test-method status="PASS" signature="setUpBeforeClass()[pri:0, instance:com.training.sanity.tests.RewaedPointCustomerTests@51565ec2]" name="setUpBeforeClass" is-config="true" duration-ms="9010" started-at="2019-01-21T13:44:01Z" finished-at="2019-01-21T13:44:10Z">
          <reporter-output>
          </reporter-output>
        </test-method> <!-- setUpBeforeClass -->
        <test-method status="PASS" signature="validLoginTest()[pri:1, instance:com.training.sanity.tests.RewaedPointCustomerTests@51565ec2]" name="validLoginTest" duration-ms="2972" started-at="2019-01-21T13:44:10Z" finished-at="2019-01-21T13:44:13Z">
          <reporter-output>
          </reporter-output>
        </test-method> <!-- validLoginTest -->
        <test-method status="PASS" signature="validCustomerRewardPoints()[pri:2, instance:com.training.sanity.tests.RewaedPointCustomerTests@51565ec2]" name="validCustomerRewardPoints" duration-ms="39494" started-at="2019-01-21T13:44:13Z" finished-at="2019-01-21T13:44:53Z">
          <reporter-output>
          </reporter-output>
        </test-method> <!-- validCustomerRewardPoints -->
        <test-method status="PASS" signature="tearDown()[pri:0, instance:com.training.sanity.tests.RewaedPointCustomerTests@51565ec2]" name="tearDown" is-config="true" duration-ms="1001" started-at="2019-01-21T13:44:53Z" finished-at="2019-01-21T13:44:54Z">
          <reporter-output>
          </reporter-output>
        </test-method> <!-- tearDown -->
      </class> <!-- com.training.sanity.tests.RewaedPointCustomerTests -->
    </test> <!-- Default test -->
  </suite> <!-- Default suite -->
</testng-results>
