<?xml version="1.0" encoding="UTF-8"?>
<testng-results skipped="0" failed="0" ignored="0" total="5" passed="5">
  <reporter-output>
  </reporter-output>
  <suite name="Default suite" duration-ms="544700" started-at="2019-02-01T07:05:59Z" finished-at="2019-02-01T07:15:04Z">
    <groups>
    </groups>
    <test name="Default test" duration-ms="544700" started-at="2019-02-01T07:05:59Z" finished-at="2019-02-01T07:15:04Z">
      <class name="com.training.sanity.tests.HandleErrorMsgTests_TC079">
        <test-method status="PASS" signature="setUpBeforeClass()[pri:0, instance:com.training.sanity.tests.HandleErrorMsgTests_TC079@482f8f11]" name="setUpBeforeClass" is-config="true" duration-ms="47924" started-at="2019-02-01T12:36:00Z" finished-at="2019-02-01T12:36:47Z">
          <reporter-output>
          </reporter-output>
        </test-method> <!-- setUpBeforeClass -->
        <test-method status="PASS" signature="validLoginTest()[pri:1, instance:com.training.sanity.tests.HandleErrorMsgTests_TC079@482f8f11]" name="validLoginTest" duration-ms="18465" started-at="2019-02-01T12:36:47Z" finished-at="2019-02-01T12:37:06Z">
          <reporter-output>
          </reporter-output>
        </test-method> <!-- validLoginTest -->
        <test-method status="PASS" signature="validateErrorMessage(java.lang.String, java.lang.String, java.lang.String, java.lang.String, java.lang.String, java.lang.String, java.lang.String)[pri:2, instance:com.training.sanity.tests.HandleErrorMsgTests_TC079@482f8f11]" name="validateErrorMessage" duration-ms="71210" started-at="2019-02-01T12:38:55Z" data-provider="excel-inputs" finished-at="2019-02-01T12:40:06Z">
          <params>
            <param index="0">
              <value is-null="true"/>
            </param>
            <param index="1">
              <value is-null="true"/>
            </param>
            <param index="2">
              <value is-null="true"/>
            </param>
            <param index="3">
              <value is-null="true"/>
            </param>
            <param index="4">
              <value is-null="true"/>
            </param>
            <param index="5">
              <value is-null="true"/>
            </param>
            <param index="6">
              <value is-null="true"/>
            </param>
          </params>
          <reporter-output>
          </reporter-output>
        </test-method> <!-- validateErrorMessage -->
        <test-method status="PASS" signature="validateErrorMessage(java.lang.String, java.lang.String, java.lang.String, java.lang.String, java.lang.String, java.lang.String, java.lang.String)[pri:2, instance:com.training.sanity.tests.HandleErrorMsgTests_TC079@482f8f11]" name="validateErrorMessage" duration-ms="107215" started-at="2019-02-01T12:40:06Z" data-provider="excel-inputs" finished-at="2019-02-01T12:41:53Z">
          <params>
            <param index="0">
              <value is-null="true"/>
            </param>
            <param index="1">
              <value is-null="true"/>
            </param>
            <param index="2">
              <value is-null="true"/>
            </param>
            <param index="3">
              <value is-null="true"/>
            </param>
            <param index="4">
              <value>
                <![CDATA[Cricket Bat]]>
              </value>
            </param>
            <param index="5">
              <value>
                <![CDATA[Cricket Bat]]>
              </value>
            </param>
            <param index="6">
              <value>
                <![CDATA[Sports]]>
              </value>
            </param>
          </params>
          <reporter-output>
          </reporter-output>
        </test-method> <!-- validateErrorMessage -->
        <test-method status="PASS" signature="validateErrorMessage(java.lang.String, java.lang.String, java.lang.String, java.lang.String, java.lang.String, java.lang.String, java.lang.String)[pri:2, instance:com.training.sanity.tests.HandleErrorMsgTests_TC079@482f8f11]" name="validateErrorMessage" duration-ms="103009" started-at="2019-02-01T12:41:53Z" data-provider="excel-inputs" finished-at="2019-02-01T12:43:36Z">
          <params>
            <param index="0">
              <value>
                <![CDATA[Electronics4]]>
              </value>
            </param>
            <param index="1">
              <value>
                <![CDATA[Electronics4]]>
              </value>
            </param>
            <param index="2">
              <value>
                <![CDATA[Electronics4]]>
              </value>
            </param>
            <param index="3">
              <value>
                <![CDATA[Electronics4]]>
              </value>
            </param>
            <param index="4">
              <value is-null="true"/>
            </param>
            <param index="5">
              <value is-null="true"/>
            </param>
            <param index="6">
              <value is-null="true"/>
            </param>
          </params>
          <reporter-output>
          </reporter-output>
        </test-method> <!-- validateErrorMessage -->
        <test-method status="PASS" signature="validateErrorMessage(java.lang.String, java.lang.String, java.lang.String, java.lang.String, java.lang.String, java.lang.String, java.lang.String)[pri:2, instance:com.training.sanity.tests.HandleErrorMsgTests_TC079@482f8f11]" name="validateErrorMessage" duration-ms="87183" started-at="2019-02-01T12:43:36Z" data-provider="excel-inputs" finished-at="2019-02-01T12:45:03Z">
          <params>
            <param index="0">
              <value>
                <![CDATA[Kitchen]]>
              </value>
            </param>
            <param index="1">
              <value>
                <![CDATA[Kitchen]]>
              </value>
            </param>
            <param index="2">
              <value>
                <![CDATA[Kitchen]]>
              </value>
            </param>
            <param index="3">
              <value>
                <![CDATA[Kitchen]]>
              </value>
            </param>
            <param index="4">
              <value>
                <![CDATA[TV]]>
              </value>
            </param>
            <param index="5">
              <value is-null="true"/>
            </param>
            <param index="6">
              <value is-null="true"/>
            </param>
          </params>
          <reporter-output>
          </reporter-output>
        </test-method> <!-- validateErrorMessage -->
        <test-method status="PASS" signature="tearDown()[pri:0, instance:com.training.sanity.tests.HandleErrorMsgTests_TC079@482f8f11]" name="tearDown" is-config="true" duration-ms="1001" started-at="2019-02-01T12:45:03Z" finished-at="2019-02-01T12:45:04Z">
          <reporter-output>
          </reporter-output>
        </test-method> <!-- tearDown -->
      </class> <!-- com.training.sanity.tests.HandleErrorMsgTests_TC079 -->
    </test> <!-- Default test -->
  </suite> <!-- Default suite -->
</testng-results>
